[23:00:23] [main/INFO]: Setting user: Player715
[23:00:26] [Client thread/INFO]: LWJGL Version: 2.9.1
[23:00:42] [Client thread/INFO]: Reloading ResourceManager: Default, FMLFileResourcePack:Forge Mod Loader, FMLFileResourcePack:Minecraft Forge, FMLFileResourcePack:BurlapCraft
[23:00:43] [Sound Library Loader/INFO]: Sound engine started
[23:00:45] [Client thread/INFO]: Created: 16x16 textures/blocks-atlas
[23:00:45] [Client thread/INFO]: Created: 16x16 textures/items-atlas
[23:00:45] [Client thread/INFO]: Reloading ResourceManager: Default, FMLFileResourcePack:Forge Mod Loader, FMLFileResourcePack:Minecraft Forge, FMLFileResourcePack:BurlapCraft
[23:00:46] [Client thread/INFO]: Created: 512x256 textures/blocks-atlas
[23:00:46] [Client thread/INFO]: Created: 256x256 textures/items-atlas
[23:00:47] [Sound Library Loader/INFO]: Sound engine started
[23:01:17] [Server thread/INFO]: Starting integrated minecraft server version 1.7.10
[23:01:17] [Server thread/INFO]: Generating keypair
[23:01:18] [Server thread/INFO]: Preparing start region for level 0
[23:01:19] [Server thread/INFO]: Preparing spawn area: 35%
[23:01:20] [Server thread/INFO]: Changing view distance to 9, from 10
[23:01:20] [Server thread/INFO]: Player715[local:E:ccd82f10] logged in with entity id 354 at (202.84870176306296, 161.0, 249.89119208501498)
[23:01:20] [Server thread/INFO]: Player715 joined the game
[23:01:37] [Client thread/INFO]: [CHAT] /tele, /teleport
[23:01:37] [Server thread/WARN]: Can't keep up! Did the system time change, or is the server overloaded? Running 2356ms behind, skipping 47 tick(s)
[23:01:37] [Client thread/INFO]: [CHAT] /tele, /teleport
[23:01:45] [Client thread/INFO]: [CHAT] No dungeon 'localiz'.  Dungeons are: [cleanup, finder, fourrooms, grid, localizer, maze0, maze1, small_bridge, tiny_bridge]
[23:03:18] [Client thread/INFO]: [CHAT] Unknown command. Try /help for a list of commands
[23:03:51] [Server thread/INFO]: Saving and pausing game...
[23:03:51] [Server thread/INFO]: Saving chunks for level 'New World'/Overworld
[23:03:51] [Server thread/INFO]: Saving chunks for level 'New World'/Nether
[23:03:51] [Server thread/INFO]: Saving chunks for level 'New World'/The End
[23:03:52] [Server thread/INFO]: Stopping server
[23:03:52] [Server thread/INFO]: Saving players
[23:03:52] [Server thread/INFO]: Saving worlds
[23:03:52] [Server thread/INFO]: Saving chunks for level 'New World'/Overworld
[23:03:52] [Server thread/INFO]: Saving chunks for level 'New World'/Nether
[23:03:52] [Server thread/INFO]: Saving chunks for level 'New World'/The End
[23:03:55] [Client thread/INFO]: Stopping!
